<?xml version="1.0" encoding="UTF-8"?>
<testsuite xmlns:xsi="http://www.w3.org/2001/XMLSchema-instance" xsi:noNamespaceSchemaLocation="https://maven.apache.org/surefire/maven-surefire-plugin/xsd/surefire-test-report-3.0.xsd" version="3.0" name="TestSuite" time="1.498" tests="1" errors="0" skipped="0" failures="0">
  <properties>
    <property name="java.specification.version" value="21"/>
    <property name="sun.jnu.encoding" value="UTF-8"/>
    <property name="java.class.path" value="/workspaces/automation-framework/target/test-classes:/workspaces/automation-framework/target/classes:/home/codespace/.m2/repository/org/seleniumhq/selenium/selenium-java/4.23.0/selenium-java-4.23.0.jar:/home/codespace/.m2/repository/org/seleniumhq/selenium/selenium-api/4.23.0/selenium-api-4.23.0.jar:/home/codespace/.m2/repository/org/seleniumhq/selenium/selenium-chrome-driver/4.23.0/selenium-chrome-driver-4.23.0.jar:/home/codespace/.m2/repository/com/google/auto/service/auto-service-annotations/1.1.1/auto-service-annotations-1.1.1.jar:/home/codespace/.m2/repository/org/seleniumhq/selenium/selenium-chromium-driver/4.23.0/selenium-chromium-driver-4.23.0.jar:/home/codespace/.m2/repository/org/seleniumhq/selenium/selenium-json/4.23.0/selenium-json-4.23.0.jar:/home/codespace/.m2/repository/org/seleniumhq/selenium/selenium-manager/4.23.0/selenium-manager-4.23.0.jar:/home/codespace/.m2/repository/org/seleniumhq/selenium/selenium-devtools-v125/4.23.0/selenium-devtools-v125-4.23.0.jar:/home/codespace/.m2/repository/org/seleniumhq/selenium/selenium-devtools-v126/4.23.0/selenium-devtools-v126-4.23.0.jar:/home/codespace/.m2/repository/org/seleniumhq/selenium/selenium-devtools-v127/4.23.0/selenium-devtools-v127-4.23.0.jar:/home/codespace/.m2/repository/org/seleniumhq/selenium/selenium-devtools-v85/4.23.0/selenium-devtools-v85-4.23.0.jar:/home/codespace/.m2/repository/org/seleniumhq/selenium/selenium-edge-driver/4.23.0/selenium-edge-driver-4.23.0.jar:/home/codespace/.m2/repository/org/seleniumhq/selenium/selenium-firefox-driver/4.23.0/selenium-firefox-driver-4.23.0.jar:/home/codespace/.m2/repository/org/seleniumhq/selenium/selenium-http/4.23.0/selenium-http-4.23.0.jar:/home/codespace/.m2/repository/dev/failsafe/failsafe/3.3.2/failsafe-3.3.2.jar:/home/codespace/.m2/repository/org/seleniumhq/selenium/selenium-ie-driver/4.23.0/selenium-ie-driver-4.23.0.jar:/home/codespace/.m2/repository/org/seleniumhq/selenium/selenium-remote-driver/4.23.0/selenium-remote-driver-4.23.0.jar:/home/codespace/.m2/repository/com/google/guava/guava/33.2.1-jre/guava-33.2.1-jre.jar:/home/codespace/.m2/repository/com/google/guava/failureaccess/1.0.2/failureaccess-1.0.2.jar:/home/codespace/.m2/repository/com/google/guava/listenablefuture/9999.0-empty-to-avoid-conflict-with-guava/listenablefuture-9999.0-empty-to-avoid-conflict-with-guava.jar:/home/codespace/.m2/repository/com/google/code/findbugs/jsr305/3.0.2/jsr305-3.0.2.jar:/home/codespace/.m2/repository/org/checkerframework/checker-qual/3.42.0/checker-qual-3.42.0.jar:/home/codespace/.m2/repository/com/google/errorprone/error_prone_annotations/2.26.1/error_prone_annotations-2.26.1.jar:/home/codespace/.m2/repository/com/google/j2objc/j2objc-annotations/3.0.0/j2objc-annotations-3.0.0.jar:/home/codespace/.m2/repository/io/opentelemetry/semconv/opentelemetry-semconv/1.25.0-alpha/opentelemetry-semconv-1.25.0-alpha.jar:/home/codespace/.m2/repository/io/opentelemetry/opentelemetry-api/1.40.0/opentelemetry-api-1.40.0.jar:/home/codespace/.m2/repository/io/opentelemetry/opentelemetry-context/1.40.0/opentelemetry-context-1.40.0.jar:/home/codespace/.m2/repository/io/opentelemetry/opentelemetry-exporter-logging/1.40.0/opentelemetry-exporter-logging-1.40.0.jar:/home/codespace/.m2/repository/io/opentelemetry/opentelemetry-sdk-common/1.40.0/opentelemetry-sdk-common-1.40.0.jar:/home/codespace/.m2/repository/io/opentelemetry/opentelemetry-sdk-extension-autoconfigure-spi/1.40.0/opentelemetry-sdk-extension-autoconfigure-spi-1.40.0.jar:/home/codespace/.m2/repository/io/opentelemetry/opentelemetry-sdk-extension-autoconfigure/1.40.0/opentelemetry-sdk-extension-autoconfigure-1.40.0.jar:/home/codespace/.m2/repository/io/opentelemetry/opentelemetry-api-incubator/1.40.0-alpha/opentelemetry-api-incubator-1.40.0-alpha.jar:/home/codespace/.m2/repository/io/opentelemetry/opentelemetry-sdk-trace/1.40.0/opentelemetry-sdk-trace-1.40.0.jar:/home/codespace/.m2/repository/io/opentelemetry/opentelemetry-sdk/1.40.0/opentelemetry-sdk-1.40.0.jar:/home/codespace/.m2/repository/io/opentelemetry/opentelemetry-sdk-metrics/1.40.0/opentelemetry-sdk-metrics-1.40.0.jar:/home/codespace/.m2/repository/io/opentelemetry/opentelemetry-sdk-logs/1.40.0/opentelemetry-sdk-logs-1.40.0.jar:/home/codespace/.m2/repository/net/bytebuddy/byte-buddy/1.14.18/byte-buddy-1.14.18.jar:/home/codespace/.m2/repository/org/seleniumhq/selenium/selenium-os/4.23.0/selenium-os-4.23.0.jar:/home/codespace/.m2/repository/org/apache/commons/commons-exec/1.4.0/commons-exec-1.4.0.jar:/home/codespace/.m2/repository/org/seleniumhq/selenium/selenium-safari-driver/4.23.0/selenium-safari-driver-4.23.0.jar:/home/codespace/.m2/repository/org/seleniumhq/selenium/selenium-support/4.23.0/selenium-support-4.23.0.jar:/home/codespace/.m2/repository/org/testng/testng/7.10.2/testng-7.10.2.jar:/home/codespace/.m2/repository/org/slf4j/slf4j-api/1.7.36/slf4j-api-1.7.36.jar:/home/codespace/.m2/repository/com/beust/jcommander/1.82/jcommander-1.82.jar:/home/codespace/.m2/repository/org/webjars/jquery/3.7.1/jquery-3.7.1.jar:/home/codespace/.m2/repository/com/aventstack/extentreports/5.1.1/extentreports-5.1.1.jar:/home/codespace/.m2/repository/io/reactivex/rxjava3/rxjava/3.1.6/rxjava-3.1.6.jar:/home/codespace/.m2/repository/org/reactivestreams/reactive-streams/1.0.4/reactive-streams-1.0.4.jar:/home/codespace/.m2/repository/org/freemarker/freemarker/2.3.32/freemarker-2.3.32.jar:/home/codespace/.m2/repository/org/projectlombok/lombok/1.18.26/lombok-1.18.26.jar:/home/codespace/.m2/repository/com/google/code/gson/gson/2.10.1/gson-2.10.1.jar:/home/codespace/.m2/repository/io/github/bonigarcia/webdrivermanager/5.9.2/webdrivermanager-5.9.2.jar:/home/codespace/.m2/repository/com/github/docker-java/docker-java/3.4.0/docker-java-3.4.0.jar:/home/codespace/.m2/repository/com/github/docker-java/docker-java-core/3.4.0/docker-java-core-3.4.0.jar:/home/codespace/.m2/repository/com/github/docker-java/docker-java-api/3.4.0/docker-java-api-3.4.0.jar:/home/codespace/.m2/repository/com/fasterxml/jackson/core/jackson-annotations/2.10.3/jackson-annotations-2.10.3.jar:/home/codespace/.m2/repository/com/fasterxml/jackson/core/jackson-databind/2.10.3/jackson-databind-2.10.3.jar:/home/codespace/.m2/repository/com/fasterxml/jackson/core/jackson-core/2.10.3/jackson-core-2.10.3.jar:/home/codespace/.m2/repository/org/slf4j/jcl-over-slf4j/1.7.30/jcl-over-slf4j-1.7.30.jar:/home/codespace/.m2/repository/com/github/docker-java/docker-java-transport-httpclient5/3.4.0/docker-java-transport-httpclient5-3.4.0.jar:/home/codespace/.m2/repository/com/github/docker-java/docker-java-transport/3.4.0/docker-java-transport-3.4.0.jar:/home/codespace/.m2/repository/net/java/dev/jna/jna/5.13.0/jna-5.13.0.jar:/home/codespace/.m2/repository/org/brotli/dec/0.1.2/dec-0.1.2.jar:/home/codespace/.m2/repository/org/apache/commons/commons-lang3/3.15.0/commons-lang3-3.15.0.jar:/home/codespace/.m2/repository/org/apache/commons/commons-compress/1.26.2/commons-compress-1.26.2.jar:/home/codespace/.m2/repository/commons-codec/commons-codec/1.17.0/commons-codec-1.17.0.jar:/home/codespace/.m2/repository/org/apache/httpcomponents/client5/httpclient5/5.2.1/httpclient5-5.2.1.jar:/home/codespace/.m2/repository/org/apache/httpcomponents/core5/httpcore5/5.2/httpcore5-5.2.jar:/home/codespace/.m2/repository/org/apache/httpcomponents/core5/httpcore5-h2/5.2/httpcore5-h2-5.2.jar:/home/codespace/.m2/repository/org/apache/logging/log4j/log4j-slf4j-impl/2.24.2/log4j-slf4j-impl-2.24.2.jar:/home/codespace/.m2/repository/org/apache/logging/log4j/log4j-api/2.24.2/log4j-api-2.24.2.jar:/home/codespace/.m2/repository/org/apache/logging/log4j/log4j-core/2.24.2/log4j-core-2.24.2.jar:/home/codespace/.m2/repository/org/apache/poi/poi-ooxml/5.3.0/poi-ooxml-5.3.0.jar:/home/codespace/.m2/repository/org/apache/poi/poi/5.3.0/poi-5.3.0.jar:/home/codespace/.m2/repository/org/apache/commons/commons-math3/3.6.1/commons-math3-3.6.1.jar:/home/codespace/.m2/repository/com/zaxxer/SparseBitSet/1.3/SparseBitSet-1.3.jar:/home/codespace/.m2/repository/org/apache/poi/poi-ooxml-lite/5.3.0/poi-ooxml-lite-5.3.0.jar:/home/codespace/.m2/repository/org/apache/xmlbeans/xmlbeans/5.2.1/xmlbeans-5.2.1.jar:/home/codespace/.m2/repository/commons-io/commons-io/2.16.1/commons-io-2.16.1.jar:/home/codespace/.m2/repository/com/github/virtuald/curvesapi/1.08/curvesapi-1.08.jar:/home/codespace/.m2/repository/org/apache/commons/commons-collections4/4.4/commons-collections4-4.4.jar:"/>
    <property name="java.vm.vendor" value="Microsoft"/>
    <property name="sun.arch.data.model" value="64"/>
    <property name="java.vendor.url" value="https://www.microsoft.com"/>
    <property name="user.timezone" value="Etc/UTC"/>
    <property name="os.name" value="Linux"/>
    <property name="java.vm.specification.version" value="21"/>
    <property name="sun.java.launcher" value="SUN_STANDARD"/>
    <property name="sun.boot.library.path" value="/usr/local/sdkman/candidates/java/21.0.7-ms/lib"/>
    <property name="sun.java.command" value="/workspaces/automation-framework/target/surefire/surefirebooter-20250919105718371_3.jar /workspaces/automation-framework/target/surefire 2025-09-19T10-57-18_264-jvmRun1 surefire-20250919105718371_1tmp surefire_0-20250919105718371_2tmp"/>
    <property name="jdk.debug" value="release"/>
    <property name="surefire.test.class.path" value="/workspaces/automation-framework/target/test-classes:/workspaces/automation-framework/target/classes:/home/codespace/.m2/repository/org/seleniumhq/selenium/selenium-java/4.23.0/selenium-java-4.23.0.jar:/home/codespace/.m2/repository/org/seleniumhq/selenium/selenium-api/4.23.0/selenium-api-4.23.0.jar:/home/codespace/.m2/repository/org/seleniumhq/selenium/selenium-chrome-driver/4.23.0/selenium-chrome-driver-4.23.0.jar:/home/codespace/.m2/repository/com/google/auto/service/auto-service-annotations/1.1.1/auto-service-annotations-1.1.1.jar:/home/codespace/.m2/repository/org/seleniumhq/selenium/selenium-chromium-driver/4.23.0/selenium-chromium-driver-4.23.0.jar:/home/codespace/.m2/repository/org/seleniumhq/selenium/selenium-json/4.23.0/selenium-json-4.23.0.jar:/home/codespace/.m2/repository/org/seleniumhq/selenium/selenium-manager/4.23.0/selenium-manager-4.23.0.jar:/home/codespace/.m2/repository/org/seleniumhq/selenium/selenium-devtools-v125/4.23.0/selenium-devtools-v125-4.23.0.jar:/home/codespace/.m2/repository/org/seleniumhq/selenium/selenium-devtools-v126/4.23.0/selenium-devtools-v126-4.23.0.jar:/home/codespace/.m2/repository/org/seleniumhq/selenium/selenium-devtools-v127/4.23.0/selenium-devtools-v127-4.23.0.jar:/home/codespace/.m2/repository/org/seleniumhq/selenium/selenium-devtools-v85/4.23.0/selenium-devtools-v85-4.23.0.jar:/home/codespace/.m2/repository/org/seleniumhq/selenium/selenium-edge-driver/4.23.0/selenium-edge-driver-4.23.0.jar:/home/codespace/.m2/repository/org/seleniumhq/selenium/selenium-firefox-driver/4.23.0/selenium-firefox-driver-4.23.0.jar:/home/codespace/.m2/repository/org/seleniumhq/selenium/selenium-http/4.23.0/selenium-http-4.23.0.jar:/home/codespace/.m2/repository/dev/failsafe/failsafe/3.3.2/failsafe-3.3.2.jar:/home/codespace/.m2/repository/org/seleniumhq/selenium/selenium-ie-driver/4.23.0/selenium-ie-driver-4.23.0.jar:/home/codespace/.m2/repository/org/seleniumhq/selenium/selenium-remote-driver/4.23.0/selenium-remote-driver-4.23.0.jar:/home/codespace/.m2/repository/com/google/guava/guava/33.2.1-jre/guava-33.2.1-jre.jar:/home/codespace/.m2/repository/com/google/guava/failureaccess/1.0.2/failureaccess-1.0.2.jar:/home/codespace/.m2/repository/com/google/guava/listenablefuture/9999.0-empty-to-avoid-conflict-with-guava/listenablefuture-9999.0-empty-to-avoid-conflict-with-guava.jar:/home/codespace/.m2/repository/com/google/code/findbugs/jsr305/3.0.2/jsr305-3.0.2.jar:/home/codespace/.m2/repository/org/checkerframework/checker-qual/3.42.0/checker-qual-3.42.0.jar:/home/codespace/.m2/repository/com/google/errorprone/error_prone_annotations/2.26.1/error_prone_annotations-2.26.1.jar:/home/codespace/.m2/repository/com/google/j2objc/j2objc-annotations/3.0.0/j2objc-annotations-3.0.0.jar:/home/codespace/.m2/repository/io/opentelemetry/semconv/opentelemetry-semconv/1.25.0-alpha/opentelemetry-semconv-1.25.0-alpha.jar:/home/codespace/.m2/repository/io/opentelemetry/opentelemetry-api/1.40.0/opentelemetry-api-1.40.0.jar:/home/codespace/.m2/repository/io/opentelemetry/opentelemetry-context/1.40.0/opentelemetry-context-1.40.0.jar:/home/codespace/.m2/repository/io/opentelemetry/opentelemetry-exporter-logging/1.40.0/opentelemetry-exporter-logging-1.40.0.jar:/home/codespace/.m2/repository/io/opentelemetry/opentelemetry-sdk-common/1.40.0/opentelemetry-sdk-common-1.40.0.jar:/home/codespace/.m2/repository/io/opentelemetry/opentelemetry-sdk-extension-autoconfigure-spi/1.40.0/opentelemetry-sdk-extension-autoconfigure-spi-1.40.0.jar:/home/codespace/.m2/repository/io/opentelemetry/opentelemetry-sdk-extension-autoconfigure/1.40.0/opentelemetry-sdk-extension-autoconfigure-1.40.0.jar:/home/codespace/.m2/repository/io/opentelemetry/opentelemetry-api-incubator/1.40.0-alpha/opentelemetry-api-incubator-1.40.0-alpha.jar:/home/codespace/.m2/repository/io/opentelemetry/opentelemetry-sdk-trace/1.40.0/opentelemetry-sdk-trace-1.40.0.jar:/home/codespace/.m2/repository/io/opentelemetry/opentelemetry-sdk/1.40.0/opentelemetry-sdk-1.40.0.jar:/home/codespace/.m2/repository/io/opentelemetry/opentelemetry-sdk-metrics/1.40.0/opentelemetry-sdk-metrics-1.40.0.jar:/home/codespace/.m2/repository/io/opentelemetry/opentelemetry-sdk-logs/1.40.0/opentelemetry-sdk-logs-1.40.0.jar:/home/codespace/.m2/repository/net/bytebuddy/byte-buddy/1.14.18/byte-buddy-1.14.18.jar:/home/codespace/.m2/repository/org/seleniumhq/selenium/selenium-os/4.23.0/selenium-os-4.23.0.jar:/home/codespace/.m2/repository/org/apache/commons/commons-exec/1.4.0/commons-exec-1.4.0.jar:/home/codespace/.m2/repository/org/seleniumhq/selenium/selenium-safari-driver/4.23.0/selenium-safari-driver-4.23.0.jar:/home/codespace/.m2/repository/org/seleniumhq/selenium/selenium-support/4.23.0/selenium-support-4.23.0.jar:/home/codespace/.m2/repository/org/testng/testng/7.10.2/testng-7.10.2.jar:/home/codespace/.m2/repository/org/slf4j/slf4j-api/1.7.36/slf4j-api-1.7.36.jar:/home/codespace/.m2/repository/com/beust/jcommander/1.82/jcommander-1.82.jar:/home/codespace/.m2/repository/org/webjars/jquery/3.7.1/jquery-3.7.1.jar:/home/codespace/.m2/repository/com/aventstack/extentreports/5.1.1/extentreports-5.1.1.jar:/home/codespace/.m2/repository/io/reactivex/rxjava3/rxjava/3.1.6/rxjava-3.1.6.jar:/home/codespace/.m2/repository/org/reactivestreams/reactive-streams/1.0.4/reactive-streams-1.0.4.jar:/home/codespace/.m2/repository/org/freemarker/freemarker/2.3.32/freemarker-2.3.32.jar:/home/codespace/.m2/repository/org/projectlombok/lombok/1.18.26/lombok-1.18.26.jar:/home/codespace/.m2/repository/com/google/code/gson/gson/2.10.1/gson-2.10.1.jar:/home/codespace/.m2/repository/io/github/bonigarcia/webdrivermanager/5.9.2/webdrivermanager-5.9.2.jar:/home/codespace/.m2/repository/com/github/docker-java/docker-java/3.4.0/docker-java-3.4.0.jar:/home/codespace/.m2/repository/com/github/docker-java/docker-java-core/3.4.0/docker-java-core-3.4.0.jar:/home/codespace/.m2/repository/com/github/docker-java/docker-java-api/3.4.0/docker-java-api-3.4.0.jar:/home/codespace/.m2/repository/com/fasterxml/jackson/core/jackson-annotations/2.10.3/jackson-annotations-2.10.3.jar:/home/codespace/.m2/repository/com/fasterxml/jackson/core/jackson-databind/2.10.3/jackson-databind-2.10.3.jar:/home/codespace/.m2/repository/com/fasterxml/jackson/core/jackson-core/2.10.3/jackson-core-2.10.3.jar:/home/codespace/.m2/repository/org/slf4j/jcl-over-slf4j/1.7.30/jcl-over-slf4j-1.7.30.jar:/home/codespace/.m2/repository/com/github/docker-java/docker-java-transport-httpclient5/3.4.0/docker-java-transport-httpclient5-3.4.0.jar:/home/codespace/.m2/repository/com/github/docker-java/docker-java-transport/3.4.0/docker-java-transport-3.4.0.jar:/home/codespace/.m2/repository/net/java/dev/jna/jna/5.13.0/jna-5.13.0.jar:/home/codespace/.m2/repository/org/brotli/dec/0.1.2/dec-0.1.2.jar:/home/codespace/.m2/repository/org/apache/commons/commons-lang3/3.15.0/commons-lang3-3.15.0.jar:/home/codespace/.m2/repository/org/apache/commons/commons-compress/1.26.2/commons-compress-1.26.2.jar:/home/codespace/.m2/repository/commons-codec/commons-codec/1.17.0/commons-codec-1.17.0.jar:/home/codespace/.m2/repository/org/apache/httpcomponents/client5/httpclient5/5.2.1/httpclient5-5.2.1.jar:/home/codespace/.m2/repository/org/apache/httpcomponents/core5/httpcore5/5.2/httpcore5-5.2.jar:/home/codespace/.m2/repository/org/apache/httpcomponents/core5/httpcore5-h2/5.2/httpcore5-h2-5.2.jar:/home/codespace/.m2/repository/org/apache/logging/log4j/log4j-slf4j-impl/2.24.2/log4j-slf4j-impl-2.24.2.jar:/home/codespace/.m2/repository/org/apache/logging/log4j/log4j-api/2.24.2/log4j-api-2.24.2.jar:/home/codespace/.m2/repository/org/apache/logging/log4j/log4j-core/2.24.2/log4j-core-2.24.2.jar:/home/codespace/.m2/repository/org/apache/poi/poi-ooxml/5.3.0/poi-ooxml-5.3.0.jar:/home/codespace/.m2/repository/org/apache/poi/poi/5.3.0/poi-5.3.0.jar:/home/codespace/.m2/repository/org/apache/commons/commons-math3/3.6.1/commons-math3-3.6.1.jar:/home/codespace/.m2/repository/com/zaxxer/SparseBitSet/1.3/SparseBitSet-1.3.jar:/home/codespace/.m2/repository/org/apache/poi/poi-ooxml-lite/5.3.0/poi-ooxml-lite-5.3.0.jar:/home/codespace/.m2/repository/org/apache/xmlbeans/xmlbeans/5.2.1/xmlbeans-5.2.1.jar:/home/codespace/.m2/repository/commons-io/commons-io/2.16.1/commons-io-2.16.1.jar:/home/codespace/.m2/repository/com/github/virtuald/curvesapi/1.08/curvesapi-1.08.jar:/home/codespace/.m2/repository/org/apache/commons/commons-collections4/4.4/commons-collections4-4.4.jar:"/>
    <property name="sun.cpu.endian" value="little"/>
    <property name="user.home" value="/home/codespace"/>
    <property name="user.language" value="en"/>
    <property name="java.specification.vendor" value="Oracle Corporation"/>
    <property name="java.version.date" value="2025-04-15"/>
    <property name="java.home" value="/usr/local/sdkman/candidates/java/21.0.7-ms"/>
    <property name="file.separator" value="/"/>
    <property name="basedir" value="/workspaces/automation-framework"/>
    <property name="java.vm.compressedOopsMode" value="32-bit"/>
    <property name="line.separator" value="&#10;"/>
    <property name="java.specification.name" value="Java Platform API Specification"/>
    <property name="java.vm.specification.vendor" value="Oracle Corporation"/>
    <property name="surefire.real.class.path" value="/workspaces/automation-framework/target/surefire/surefirebooter-20250919105718371_3.jar"/>
    <property name="sun.management.compiler" value="HotSpot 64-Bit Tiered Compilers"/>
    <property name="java.runtime.version" value="21.0.7+6-LTS"/>
    <property name="user.name" value="codespace"/>
    <property name="stdout.encoding" value="UTF-8"/>
    <property name="path.separator" value=":"/>
    <property name="os.version" value="6.8.0-1030-azure"/>
    <property name="java.runtime.name" value="OpenJDK Runtime Environment"/>
    <property name="file.encoding" value="UTF-8"/>
    <property name="java.vm.name" value="OpenJDK 64-Bit Server VM"/>
    <property name="java.vendor.version" value="Microsoft-11369942"/>
    <property name="localRepository" value="/home/codespace/.m2/repository"/>
    <property name="java.vendor.url.bug" value="https://github.com/microsoft/openjdk/issues"/>
    <property name="java.io.tmpdir" value="/tmp"/>
    <property name="java.version" value="21.0.7"/>
    <property name="user.dir" value="/workspaces/automation-framework"/>
    <property name="os.arch" value="amd64"/>
    <property name="java.vm.specification.name" value="Java Virtual Machine Specification"/>
    <property name="native.encoding" value="UTF-8"/>
    <property name="java.library.path" value="/usr/java/packages/lib:/usr/lib64:/lib64:/lib:/usr/lib"/>
    <property name="java.vm.info" value="mixed mode, sharing"/>
    <property name="stderr.encoding" value="UTF-8"/>
    <property name="java.vendor" value="Microsoft"/>
    <property name="java.vm.version" value="21.0.7+6-LTS"/>
    <property name="sun.io.unicode.encoding" value="UnicodeLittle"/>
    <property name="java.class.version" value="65.0"/>
  </properties>
  <testcase name="testExample" classname="test.java.SampleTest" time="0.007"/>
</testsuite>