<?xml version="1.0" encoding="UTF-8"?>
<!-- Generated by org.testng.reporters.JUnitReportReporter -->
<testsuite hostname="codespaces-f28965" failures="0" tests="1" name="test.java.SampleTest" time="0.009" errors="0" timestamp="2025-09-19T10:57:20 UTC" skipped="0">
  <testcase classname="test.java.SampleTest" name="testExample" time="0.009"/>
</testsuite> <!-- test.java.SampleTest -->
